2021-10-30T15:45:08+00:00 CRITICAL Uncaught Error: Call to a member function get_cart_contents_count() on null in /home/nhominur/public_html/wp-content/themes/big-store/inc/woocommerce/woo-function.php:29
Stack trace:
#0 /home/nhominur/public_html/wp-content/themes/big-store/inc/woocommerce/woo-function.php(39): big_store_cart_total_item()
#1 /home/nhominur/public_html/wp-includes/class-wp-hook.php(303): big_store_menu_cart_view('')
#2 /home/nhominur/public_html/wp-includes/class-wp-hook.php(327): WP_Hook->apply_filters('', Array)
#3 /home/nhominur/public_html/wp-includes/plugin.php(470): WP_Hook->do_action(Array)
#4 /home/nhominur/public_html/wp-content/themes/big-store/inc/header-function.php(765): do_action('open_cart_count')
#5 /home/nhominur/public_html/wp-includes/class-wp-hook.php(303): bigstore_mobile_navbar('')
#6 /home/nhominur/public_html/wp-includes/class-wp-hook.php(327): WP_Hook->apply_filters(NULL, Array)
#7 /home/nhominur/public_html/wp-includes/plugin.php(470): WP_Hook->do_action(Array)
#8 /home/nhominur/public_html/wp-include in /home/nhominur/public_html/wp-content/themes/big-store/inc/woocommerce/woo-function.php on line 29

2021-10-30T15:46:25+00:00 CRITICAL Uncaught Error: Call to a member function get_cart_contents_count() on null in /home/nhominur/public_html/wp-content/themes/big-store/inc/woocommerce/woo-function.php:29
Stack trace:
#0 /home/nhominur/public_html/wp-content/themes/big-store/inc/woocommerce/woo-function.php(39): big_store_cart_total_item()
#1 /home/nhominur/public_html/wp-includes/class-wp-hook.php(303): big_store_menu_cart_view('')
#2 /home/nhominur/public_html/wp-includes/class-wp-hook.php(327): WP_Hook->apply_filters('', Array)
#3 /home/nhominur/public_html/wp-includes/plugin.php(470): WP_Hook->do_action(Array)
#4 /home/nhominur/public_html/wp-content/themes/big-store/inc/header-function.php(765): do_action('open_cart_count')
#5 /home/nhominur/public_html/wp-includes/class-wp-hook.php(303): bigstore_mobile_navbar('')
#6 /home/nhominur/public_html/wp-includes/class-wp-hook.php(327): WP_Hook->apply_filters(NULL, Array)
#7 /home/nhominur/public_html/wp-includes/plugin.php(470): WP_Hook->do_action(Array)
#8 /home/nhominur/public_html/wp-include in /home/nhominur/public_html/wp-content/themes/big-store/inc/woocommerce/woo-function.php on line 29

2021-10-30T15:46:32+00:00 CRITICAL Uncaught Error: Call to a member function get_cart_contents_count() on null in /home/nhominur/public_html/wp-content/themes/big-store/inc/woocommerce/woo-function.php:29
Stack trace:
#0 /home/nhominur/public_html/wp-content/themes/big-store/inc/woocommerce/woo-function.php(39): big_store_cart_total_item()
#1 /home/nhominur/public_html/wp-includes/class-wp-hook.php(303): big_store_menu_cart_view('')
#2 /home/nhominur/public_html/wp-includes/class-wp-hook.php(327): WP_Hook->apply_filters('', Array)
#3 /home/nhominur/public_html/wp-includes/plugin.php(470): WP_Hook->do_action(Array)
#4 /home/nhominur/public_html/wp-content/themes/big-store/inc/header-function.php(765): do_action('open_cart_count')
#5 /home/nhominur/public_html/wp-includes/class-wp-hook.php(303): bigstore_mobile_navbar('')
#6 /home/nhominur/public_html/wp-includes/class-wp-hook.php(327): WP_Hook->apply_filters(NULL, Array)
#7 /home/nhominur/public_html/wp-includes/plugin.php(470): WP_Hook->do_action(Array)
#8 /home/nhominur/public_html/wp-include in /home/nhominur/public_html/wp-content/themes/big-store/inc/woocommerce/woo-function.php on line 29

2021-10-30T15:46:42+00:00 CRITICAL Uncaught Error: Call to a member function get_cart_contents_count() on null in /home/nhominur/public_html/wp-content/themes/big-store/inc/woocommerce/woo-function.php:29
Stack trace:
#0 /home/nhominur/public_html/wp-content/themes/big-store/inc/woocommerce/woo-function.php(39): big_store_cart_total_item()
#1 /home/nhominur/public_html/wp-includes/class-wp-hook.php(303): big_store_menu_cart_view('')
#2 /home/nhominur/public_html/wp-includes/class-wp-hook.php(327): WP_Hook->apply_filters('', Array)
#3 /home/nhominur/public_html/wp-includes/plugin.php(470): WP_Hook->do_action(Array)
#4 /home/nhominur/public_html/wp-content/themes/big-store/inc/header-function.php(765): do_action('open_cart_count')
#5 /home/nhominur/public_html/wp-includes/class-wp-hook.php(303): bigstore_mobile_navbar('')
#6 /home/nhominur/public_html/wp-includes/class-wp-hook.php(327): WP_Hook->apply_filters(NULL, Array)
#7 /home/nhominur/public_html/wp-includes/plugin.php(470): WP_Hook->do_action(Array)
#8 /home/nhominur/public_html/wp-include in /home/nhominur/public_html/wp-content/themes/big-store/inc/woocommerce/woo-function.php on line 29

2021-10-30T15:46:44+00:00 CRITICAL Uncaught Error: Call to a member function get_cart_contents_count() on null in /home/nhominur/public_html/wp-content/themes/big-store/inc/woocommerce/woo-function.php:29
Stack trace:
#0 /home/nhominur/public_html/wp-content/themes/big-store/inc/woocommerce/woo-function.php(39): big_store_cart_total_item()
#1 /home/nhominur/public_html/wp-includes/class-wp-hook.php(303): big_store_menu_cart_view('')
#2 /home/nhominur/public_html/wp-includes/class-wp-hook.php(327): WP_Hook->apply_filters('', Array)
#3 /home/nhominur/public_html/wp-includes/plugin.php(470): WP_Hook->do_action(Array)
#4 /home/nhominur/public_html/wp-content/themes/big-store/inc/header-function.php(765): do_action('open_cart_count')
#5 /home/nhominur/public_html/wp-includes/class-wp-hook.php(303): bigstore_mobile_navbar('')
#6 /home/nhominur/public_html/wp-includes/class-wp-hook.php(327): WP_Hook->apply_filters(NULL, Array)
#7 /home/nhominur/public_html/wp-includes/plugin.php(470): WP_Hook->do_action(Array)
#8 /home/nhominur/public_html/wp-include in /home/nhominur/public_html/wp-content/themes/big-store/inc/woocommerce/woo-function.php on line 29

2021-10-30T15:46:51+00:00 CRITICAL Uncaught Error: Call to a member function get_cart_contents_count() on null in /home/nhominur/public_html/wp-content/themes/big-store/inc/woocommerce/woo-function.php:29
Stack trace:
#0 /home/nhominur/public_html/wp-content/themes/big-store/inc/woocommerce/woo-function.php(39): big_store_cart_total_item()
#1 /home/nhominur/public_html/wp-includes/class-wp-hook.php(303): big_store_menu_cart_view('')
#2 /home/nhominur/public_html/wp-includes/class-wp-hook.php(327): WP_Hook->apply_filters('', Array)
#3 /home/nhominur/public_html/wp-includes/plugin.php(470): WP_Hook->do_action(Array)
#4 /home/nhominur/public_html/wp-content/themes/big-store/inc/header-function.php(765): do_action('open_cart_count')
#5 /home/nhominur/public_html/wp-includes/class-wp-hook.php(303): bigstore_mobile_navbar('')
#6 /home/nhominur/public_html/wp-includes/class-wp-hook.php(327): WP_Hook->apply_filters(NULL, Array)
#7 /home/nhominur/public_html/wp-includes/plugin.php(470): WP_Hook->do_action(Array)
#8 /home/nhominur/public_html/wp-include in /home/nhominur/public_html/wp-content/themes/big-store/inc/woocommerce/woo-function.php on line 29

2021-10-30T15:47:07+00:00 CRITICAL Uncaught Error: Call to a member function get_cart_contents_count() on null in /home/nhominur/public_html/wp-content/themes/big-store/inc/woocommerce/woo-function.php:29
Stack trace:
#0 /home/nhominur/public_html/wp-content/themes/big-store/inc/woocommerce/woo-function.php(39): big_store_cart_total_item()
#1 /home/nhominur/public_html/wp-includes/class-wp-hook.php(303): big_store_menu_cart_view('')
#2 /home/nhominur/public_html/wp-includes/class-wp-hook.php(327): WP_Hook->apply_filters('', Array)
#3 /home/nhominur/public_html/wp-includes/plugin.php(470): WP_Hook->do_action(Array)
#4 /home/nhominur/public_html/wp-content/themes/big-store/inc/header-function.php(765): do_action('open_cart_count')
#5 /home/nhominur/public_html/wp-includes/class-wp-hook.php(303): bigstore_mobile_navbar('')
#6 /home/nhominur/public_html/wp-includes/class-wp-hook.php(327): WP_Hook->apply_filters(NULL, Array)
#7 /home/nhominur/public_html/wp-includes/plugin.php(470): WP_Hook->do_action(Array)
#8 /home/nhominur/public_html/wp-include in /home/nhominur/public_html/wp-content/themes/big-store/inc/woocommerce/woo-function.php on line 29

2021-10-30T15:47:07+00:00 CRITICAL Uncaught Error: Call to a member function get_cart_contents_count() on null in /home/nhominur/public_html/wp-content/themes/big-store/inc/woocommerce/woo-function.php:29
Stack trace:
#0 /home/nhominur/public_html/wp-content/themes/big-store/inc/woocommerce/woo-function.php(39): big_store_cart_total_item()
#1 /home/nhominur/public_html/wp-includes/class-wp-hook.php(303): big_store_menu_cart_view('')
#2 /home/nhominur/public_html/wp-includes/class-wp-hook.php(327): WP_Hook->apply_filters('', Array)
#3 /home/nhominur/public_html/wp-includes/plugin.php(470): WP_Hook->do_action(Array)
#4 /home/nhominur/public_html/wp-content/themes/big-store/inc/header-function.php(765): do_action('open_cart_count')
#5 /home/nhominur/public_html/wp-includes/class-wp-hook.php(303): bigstore_mobile_navbar('')
#6 /home/nhominur/public_html/wp-includes/class-wp-hook.php(327): WP_Hook->apply_filters(NULL, Array)
#7 /home/nhominur/public_html/wp-includes/plugin.php(470): WP_Hook->do_action(Array)
#8 /home/nhominur/public_html/wp-include in /home/nhominur/public_html/wp-content/themes/big-store/inc/woocommerce/woo-function.php on line 29

2021-10-30T15:49:09+00:00 CRITICAL Uncaught Error: Call to a member function get_cart_contents_count() on null in /home/nhominur/public_html/wp-content/themes/big-store/inc/woocommerce/woo-function.php:29
Stack trace:
#0 /home/nhominur/public_html/wp-content/themes/big-store/inc/woocommerce/woo-function.php(39): big_store_cart_total_item()
#1 /home/nhominur/public_html/wp-includes/class-wp-hook.php(303): big_store_menu_cart_view('')
#2 /home/nhominur/public_html/wp-includes/class-wp-hook.php(327): WP_Hook->apply_filters('', Array)
#3 /home/nhominur/public_html/wp-includes/plugin.php(470): WP_Hook->do_action(Array)
#4 /home/nhominur/public_html/wp-content/themes/big-store/inc/header-function.php(765): do_action('open_cart_count')
#5 /home/nhominur/public_html/wp-includes/class-wp-hook.php(303): bigstore_mobile_navbar('')
#6 /home/nhominur/public_html/wp-includes/class-wp-hook.php(327): WP_Hook->apply_filters(NULL, Array)
#7 /home/nhominur/public_html/wp-includes/plugin.php(470): WP_Hook->do_action(Array)
#8 /home/nhominur/public_html/wp-include in /home/nhominur/public_html/wp-content/themes/big-store/inc/woocommerce/woo-function.php on line 29

2021-10-30T15:49:14+00:00 CRITICAL Uncaught Error: Call to a member function get_cart_contents_count() on null in /home/nhominur/public_html/wp-content/themes/big-store/inc/woocommerce/woo-function.php:29
Stack trace:
#0 /home/nhominur/public_html/wp-content/themes/big-store/inc/woocommerce/woo-function.php(39): big_store_cart_total_item()
#1 /home/nhominur/public_html/wp-includes/class-wp-hook.php(303): big_store_menu_cart_view('')
#2 /home/nhominur/public_html/wp-includes/class-wp-hook.php(327): WP_Hook->apply_filters('', Array)
#3 /home/nhominur/public_html/wp-includes/plugin.php(470): WP_Hook->do_action(Array)
#4 /home/nhominur/public_html/wp-content/themes/big-store/inc/header-function.php(765): do_action('open_cart_count')
#5 /home/nhominur/public_html/wp-includes/class-wp-hook.php(303): bigstore_mobile_navbar('')
#6 /home/nhominur/public_html/wp-includes/class-wp-hook.php(327): WP_Hook->apply_filters(NULL, Array)
#7 /home/nhominur/public_html/wp-includes/plugin.php(470): WP_Hook->do_action(Array)
#8 /home/nhominur/public_html/wp-include in /home/nhominur/public_html/wp-content/themes/big-store/inc/woocommerce/woo-function.php on line 29

2021-10-30T15:49:18+00:00 CRITICAL Uncaught Error: Call to a member function get_cart_contents_count() on null in /home/nhominur/public_html/wp-content/themes/big-store/inc/woocommerce/woo-function.php:29
Stack trace:
#0 /home/nhominur/public_html/wp-content/themes/big-store/inc/woocommerce/woo-function.php(39): big_store_cart_total_item()
#1 /home/nhominur/public_html/wp-includes/class-wp-hook.php(303): big_store_menu_cart_view('')
#2 /home/nhominur/public_html/wp-includes/class-wp-hook.php(327): WP_Hook->apply_filters('', Array)
#3 /home/nhominur/public_html/wp-includes/plugin.php(470): WP_Hook->do_action(Array)
#4 /home/nhominur/public_html/wp-content/themes/big-store/inc/header-function.php(765): do_action('open_cart_count')
#5 /home/nhominur/public_html/wp-includes/class-wp-hook.php(303): bigstore_mobile_navbar('')
#6 /home/nhominur/public_html/wp-includes/class-wp-hook.php(327): WP_Hook->apply_filters(NULL, Array)
#7 /home/nhominur/public_html/wp-includes/plugin.php(470): WP_Hook->do_action(Array)
#8 /home/nhominur/public_html/wp-include in /home/nhominur/public_html/wp-content/themes/big-store/inc/woocommerce/woo-function.php on line 29

2021-10-30T15:49:23+00:00 CRITICAL Uncaught Error: Call to a member function get_cart_contents_count() on null in /home/nhominur/public_html/wp-content/themes/big-store/inc/woocommerce/woo-function.php:29
Stack trace:
#0 /home/nhominur/public_html/wp-content/themes/big-store/inc/woocommerce/woo-function.php(39): big_store_cart_total_item()
#1 /home/nhominur/public_html/wp-includes/class-wp-hook.php(303): big_store_menu_cart_view('')
#2 /home/nhominur/public_html/wp-includes/class-wp-hook.php(327): WP_Hook->apply_filters('', Array)
#3 /home/nhominur/public_html/wp-includes/plugin.php(470): WP_Hook->do_action(Array)
#4 /home/nhominur/public_html/wp-content/themes/big-store/inc/header-function.php(765): do_action('open_cart_count')
#5 /home/nhominur/public_html/wp-includes/class-wp-hook.php(303): bigstore_mobile_navbar('')
#6 /home/nhominur/public_html/wp-includes/class-wp-hook.php(327): WP_Hook->apply_filters(NULL, Array)
#7 /home/nhominur/public_html/wp-includes/plugin.php(470): WP_Hook->do_action(Array)
#8 /home/nhominur/public_html/wp-include in /home/nhominur/public_html/wp-content/themes/big-store/inc/woocommerce/woo-function.php on line 29

2021-10-30T15:49:26+00:00 CRITICAL Uncaught Error: Call to a member function get_cart_contents_count() on null in /home/nhominur/public_html/wp-content/themes/big-store/inc/woocommerce/woo-function.php:29
Stack trace:
#0 /home/nhominur/public_html/wp-content/themes/big-store/inc/woocommerce/woo-function.php(39): big_store_cart_total_item()
#1 /home/nhominur/public_html/wp-includes/class-wp-hook.php(303): big_store_menu_cart_view('')
#2 /home/nhominur/public_html/wp-includes/class-wp-hook.php(327): WP_Hook->apply_filters('', Array)
#3 /home/nhominur/public_html/wp-includes/plugin.php(470): WP_Hook->do_action(Array)
#4 /home/nhominur/public_html/wp-content/themes/big-store/inc/header-function.php(765): do_action('open_cart_count')
#5 /home/nhominur/public_html/wp-includes/class-wp-hook.php(303): bigstore_mobile_navbar('')
#6 /home/nhominur/public_html/wp-includes/class-wp-hook.php(327): WP_Hook->apply_filters(NULL, Array)
#7 /home/nhominur/public_html/wp-includes/plugin.php(470): WP_Hook->do_action(Array)
#8 /home/nhominur/public_html/wp-include in /home/nhominur/public_html/wp-content/themes/big-store/inc/woocommerce/woo-function.php on line 29

2021-10-30T15:49:30+00:00 CRITICAL Uncaught Error: Call to a member function get_cart_contents_count() on null in /home/nhominur/public_html/wp-content/themes/big-store/inc/woocommerce/woo-function.php:29
Stack trace:
#0 /home/nhominur/public_html/wp-content/themes/big-store/inc/woocommerce/woo-function.php(39): big_store_cart_total_item()
#1 /home/nhominur/public_html/wp-includes/class-wp-hook.php(303): big_store_menu_cart_view('')
#2 /home/nhominur/public_html/wp-includes/class-wp-hook.php(327): WP_Hook->apply_filters('', Array)
#3 /home/nhominur/public_html/wp-includes/plugin.php(470): WP_Hook->do_action(Array)
#4 /home/nhominur/public_html/wp-content/themes/big-store/inc/header-function.php(765): do_action('open_cart_count')
#5 /home/nhominur/public_html/wp-includes/class-wp-hook.php(303): bigstore_mobile_navbar('')
#6 /home/nhominur/public_html/wp-includes/class-wp-hook.php(327): WP_Hook->apply_filters(NULL, Array)
#7 /home/nhominur/public_html/wp-includes/plugin.php(470): WP_Hook->do_action(Array)
#8 /home/nhominur/public_html/wp-include in /home/nhominur/public_html/wp-content/themes/big-store/inc/woocommerce/woo-function.php on line 29

2021-10-30T15:49:43+00:00 CRITICAL Uncaught Error: Call to a member function get_cart_contents_count() on null in /home/nhominur/public_html/wp-content/themes/big-store/inc/woocommerce/woo-function.php:29
Stack trace:
#0 /home/nhominur/public_html/wp-content/themes/big-store/inc/woocommerce/woo-function.php(39): big_store_cart_total_item()
#1 /home/nhominur/public_html/wp-includes/class-wp-hook.php(303): big_store_menu_cart_view('')
#2 /home/nhominur/public_html/wp-includes/class-wp-hook.php(327): WP_Hook->apply_filters('', Array)
#3 /home/nhominur/public_html/wp-includes/plugin.php(470): WP_Hook->do_action(Array)
#4 /home/nhominur/public_html/wp-content/themes/big-store/inc/header-function.php(765): do_action('open_cart_count')
#5 /home/nhominur/public_html/wp-includes/class-wp-hook.php(303): bigstore_mobile_navbar('')
#6 /home/nhominur/public_html/wp-includes/class-wp-hook.php(327): WP_Hook->apply_filters(NULL, Array)
#7 /home/nhominur/public_html/wp-includes/plugin.php(470): WP_Hook->do_action(Array)
#8 /home/nhominur/public_html/wp-include in /home/nhominur/public_html/wp-content/themes/big-store/inc/woocommerce/woo-function.php on line 29

2021-10-30T15:49:47+00:00 CRITICAL Uncaught Error: Call to a member function get_cart_contents_count() on null in /home/nhominur/public_html/wp-content/themes/big-store/inc/woocommerce/woo-function.php:29
Stack trace:
#0 /home/nhominur/public_html/wp-content/themes/big-store/inc/woocommerce/woo-function.php(39): big_store_cart_total_item()
#1 /home/nhominur/public_html/wp-includes/class-wp-hook.php(303): big_store_menu_cart_view('')
#2 /home/nhominur/public_html/wp-includes/class-wp-hook.php(327): WP_Hook->apply_filters('', Array)
#3 /home/nhominur/public_html/wp-includes/plugin.php(470): WP_Hook->do_action(Array)
#4 /home/nhominur/public_html/wp-content/themes/big-store/inc/header-function.php(765): do_action('open_cart_count')
#5 /home/nhominur/public_html/wp-includes/class-wp-hook.php(303): bigstore_mobile_navbar('')
#6 /home/nhominur/public_html/wp-includes/class-wp-hook.php(327): WP_Hook->apply_filters(NULL, Array)
#7 /home/nhominur/public_html/wp-includes/plugin.php(470): WP_Hook->do_action(Array)
#8 /home/nhominur/public_html/wp-include in /home/nhominur/public_html/wp-content/themes/big-store/inc/woocommerce/woo-function.php on line 29

2021-10-30T15:49:54+00:00 CRITICAL Uncaught Error: Call to a member function get_cart_contents_count() on null in /home/nhominur/public_html/wp-content/themes/big-store/inc/woocommerce/woo-function.php:29
Stack trace:
#0 /home/nhominur/public_html/wp-content/themes/big-store/inc/woocommerce/woo-function.php(39): big_store_cart_total_item()
#1 /home/nhominur/public_html/wp-includes/class-wp-hook.php(303): big_store_menu_cart_view('')
#2 /home/nhominur/public_html/wp-includes/class-wp-hook.php(327): WP_Hook->apply_filters('', Array)
#3 /home/nhominur/public_html/wp-includes/plugin.php(470): WP_Hook->do_action(Array)
#4 /home/nhominur/public_html/wp-content/themes/big-store/inc/header-function.php(765): do_action('open_cart_count')
#5 /home/nhominur/public_html/wp-includes/class-wp-hook.php(303): bigstore_mobile_navbar('')
#6 /home/nhominur/public_html/wp-includes/class-wp-hook.php(327): WP_Hook->apply_filters(NULL, Array)
#7 /home/nhominur/public_html/wp-includes/plugin.php(470): WP_Hook->do_action(Array)
#8 /home/nhominur/public_html/wp-include in /home/nhominur/public_html/wp-content/themes/big-store/inc/woocommerce/woo-function.php on line 29

2021-10-30T15:50:06+00:00 CRITICAL Uncaught Error: Call to a member function get_cart_contents_count() on null in /home/nhominur/public_html/wp-content/themes/big-store/inc/woocommerce/woo-function.php:29
Stack trace:
#0 /home/nhominur/public_html/wp-content/themes/big-store/inc/woocommerce/woo-function.php(39): big_store_cart_total_item()
#1 /home/nhominur/public_html/wp-includes/class-wp-hook.php(303): big_store_menu_cart_view('')
#2 /home/nhominur/public_html/wp-includes/class-wp-hook.php(327): WP_Hook->apply_filters('', Array)
#3 /home/nhominur/public_html/wp-includes/plugin.php(470): WP_Hook->do_action(Array)
#4 /home/nhominur/public_html/wp-content/themes/big-store/inc/header-function.php(765): do_action('open_cart_count')
#5 /home/nhominur/public_html/wp-includes/class-wp-hook.php(303): bigstore_mobile_navbar('')
#6 /home/nhominur/public_html/wp-includes/class-wp-hook.php(327): WP_Hook->apply_filters(NULL, Array)
#7 /home/nhominur/public_html/wp-includes/plugin.php(470): WP_Hook->do_action(Array)
#8 /home/nhominur/public_html/wp-include in /home/nhominur/public_html/wp-content/themes/big-store/inc/woocommerce/woo-function.php on line 29

2021-10-30T15:50:07+00:00 CRITICAL Uncaught Error: Call to a member function get_cart_contents_count() on null in /home/nhominur/public_html/wp-content/themes/big-store/inc/woocommerce/woo-function.php:29
Stack trace:
#0 /home/nhominur/public_html/wp-content/themes/big-store/inc/woocommerce/woo-function.php(39): big_store_cart_total_item()
#1 /home/nhominur/public_html/wp-includes/class-wp-hook.php(303): big_store_menu_cart_view('')
#2 /home/nhominur/public_html/wp-includes/class-wp-hook.php(327): WP_Hook->apply_filters('', Array)
#3 /home/nhominur/public_html/wp-includes/plugin.php(470): WP_Hook->do_action(Array)
#4 /home/nhominur/public_html/wp-content/themes/big-store/inc/header-function.php(765): do_action('open_cart_count')
#5 /home/nhominur/public_html/wp-includes/class-wp-hook.php(303): bigstore_mobile_navbar('')
#6 /home/nhominur/public_html/wp-includes/class-wp-hook.php(327): WP_Hook->apply_filters(NULL, Array)
#7 /home/nhominur/public_html/wp-includes/plugin.php(470): WP_Hook->do_action(Array)
#8 /home/nhominur/public_html/wp-include in /home/nhominur/public_html/wp-content/themes/big-store/inc/woocommerce/woo-function.php on line 29

2021-10-30T15:50:14+00:00 CRITICAL Uncaught Error: Call to a member function get_cart_contents_count() on null in /home/nhominur/public_html/wp-content/themes/big-store/inc/woocommerce/woo-function.php:29
Stack trace:
#0 /home/nhominur/public_html/wp-content/themes/big-store/inc/woocommerce/woo-function.php(39): big_store_cart_total_item()
#1 /home/nhominur/public_html/wp-includes/class-wp-hook.php(303): big_store_menu_cart_view('')
#2 /home/nhominur/public_html/wp-includes/class-wp-hook.php(327): WP_Hook->apply_filters('', Array)
#3 /home/nhominur/public_html/wp-includes/plugin.php(470): WP_Hook->do_action(Array)
#4 /home/nhominur/public_html/wp-content/themes/big-store/inc/header-function.php(765): do_action('open_cart_count')
#5 /home/nhominur/public_html/wp-includes/class-wp-hook.php(303): bigstore_mobile_navbar('')
#6 /home/nhominur/public_html/wp-includes/class-wp-hook.php(327): WP_Hook->apply_filters(NULL, Array)
#7 /home/nhominur/public_html/wp-includes/plugin.php(470): WP_Hook->do_action(Array)
#8 /home/nhominur/public_html/wp-include in /home/nhominur/public_html/wp-content/themes/big-store/inc/woocommerce/woo-function.php on line 29

2021-10-30T15:50:22+00:00 CRITICAL Uncaught Error: Call to a member function get_cart_contents_count() on null in /home/nhominur/public_html/wp-content/themes/big-store/inc/woocommerce/woo-function.php:29
Stack trace:
#0 /home/nhominur/public_html/wp-content/themes/big-store/inc/woocommerce/woo-function.php(39): big_store_cart_total_item()
#1 /home/nhominur/public_html/wp-includes/class-wp-hook.php(303): big_store_menu_cart_view('')
#2 /home/nhominur/public_html/wp-includes/class-wp-hook.php(327): WP_Hook->apply_filters('', Array)
#3 /home/nhominur/public_html/wp-includes/plugin.php(470): WP_Hook->do_action(Array)
#4 /home/nhominur/public_html/wp-content/themes/big-store/inc/header-function.php(765): do_action('open_cart_count')
#5 /home/nhominur/public_html/wp-includes/class-wp-hook.php(303): bigstore_mobile_navbar('')
#6 /home/nhominur/public_html/wp-includes/class-wp-hook.php(327): WP_Hook->apply_filters(NULL, Array)
#7 /home/nhominur/public_html/wp-includes/plugin.php(470): WP_Hook->do_action(Array)
#8 /home/nhominur/public_html/wp-include in /home/nhominur/public_html/wp-content/themes/big-store/inc/woocommerce/woo-function.php on line 29

2021-10-30T15:50:22+00:00 CRITICAL Uncaught Error: Call to a member function get_cart_contents_count() on null in /home/nhominur/public_html/wp-content/themes/big-store/inc/woocommerce/woo-function.php:29
Stack trace:
#0 /home/nhominur/public_html/wp-content/themes/big-store/inc/woocommerce/woo-function.php(39): big_store_cart_total_item()
#1 /home/nhominur/public_html/wp-includes/class-wp-hook.php(303): big_store_menu_cart_view('')
#2 /home/nhominur/public_html/wp-includes/class-wp-hook.php(327): WP_Hook->apply_filters('', Array)
#3 /home/nhominur/public_html/wp-includes/plugin.php(470): WP_Hook->do_action(Array)
#4 /home/nhominur/public_html/wp-content/themes/big-store/inc/header-function.php(765): do_action('open_cart_count')
#5 /home/nhominur/public_html/wp-includes/class-wp-hook.php(303): bigstore_mobile_navbar('')
#6 /home/nhominur/public_html/wp-includes/class-wp-hook.php(327): WP_Hook->apply_filters(NULL, Array)
#7 /home/nhominur/public_html/wp-includes/plugin.php(470): WP_Hook->do_action(Array)
#8 /home/nhominur/public_html/wp-include in /home/nhominur/public_html/wp-content/themes/big-store/inc/woocommerce/woo-function.php on line 29

2021-10-30T15:53:58+00:00 CRITICAL Uncaught Error: Call to a member function get_cart_contents_count() on null in /home/nhominur/public_html/wp-content/themes/big-store/inc/woocommerce/woo-function.php:29
Stack trace:
#0 /home/nhominur/public_html/wp-content/themes/big-store/inc/woocommerce/woo-function.php(39): big_store_cart_total_item()
#1 /home/nhominur/public_html/wp-includes/class-wp-hook.php(303): big_store_menu_cart_view('')
#2 /home/nhominur/public_html/wp-includes/class-wp-hook.php(327): WP_Hook->apply_filters('', Array)
#3 /home/nhominur/public_html/wp-includes/plugin.php(470): WP_Hook->do_action(Array)
#4 /home/nhominur/public_html/wp-content/themes/big-store/inc/header-function.php(765): do_action('open_cart_count')
#5 /home/nhominur/public_html/wp-includes/class-wp-hook.php(303): bigstore_mobile_navbar('')
#6 /home/nhominur/public_html/wp-includes/class-wp-hook.php(327): WP_Hook->apply_filters(NULL, Array)
#7 /home/nhominur/public_html/wp-includes/plugin.php(470): WP_Hook->do_action(Array)
#8 /home/nhominur/public_html/wp-include in /home/nhominur/public_html/wp-content/themes/big-store/inc/woocommerce/woo-function.php on line 29

2021-10-30T15:54:13+00:00 CRITICAL Uncaught Error: Call to a member function get_cart_contents_count() on null in /home/nhominur/public_html/wp-content/themes/big-store/inc/woocommerce/woo-function.php:29
Stack trace:
#0 /home/nhominur/public_html/wp-content/themes/big-store/inc/woocommerce/woo-function.php(39): big_store_cart_total_item()
#1 /home/nhominur/public_html/wp-includes/class-wp-hook.php(303): big_store_menu_cart_view('')
#2 /home/nhominur/public_html/wp-includes/class-wp-hook.php(327): WP_Hook->apply_filters('', Array)
#3 /home/nhominur/public_html/wp-includes/plugin.php(470): WP_Hook->do_action(Array)
#4 /home/nhominur/public_html/wp-content/themes/big-store/inc/header-function.php(765): do_action('open_cart_count')
#5 /home/nhominur/public_html/wp-includes/class-wp-hook.php(303): bigstore_mobile_navbar('')
#6 /home/nhominur/public_html/wp-includes/class-wp-hook.php(327): WP_Hook->apply_filters(NULL, Array)
#7 /home/nhominur/public_html/wp-includes/plugin.php(470): WP_Hook->do_action(Array)
#8 /home/nhominur/public_html/wp-include in /home/nhominur/public_html/wp-content/themes/big-store/inc/woocommerce/woo-function.php on line 29

2021-10-30T15:54:18+00:00 CRITICAL Uncaught Error: Call to a member function get_cart_contents_count() on null in /home/nhominur/public_html/wp-content/themes/big-store/inc/woocommerce/woo-function.php:29
Stack trace:
#0 /home/nhominur/public_html/wp-content/themes/big-store/inc/woocommerce/woo-function.php(39): big_store_cart_total_item()
#1 /home/nhominur/public_html/wp-includes/class-wp-hook.php(303): big_store_menu_cart_view('')
#2 /home/nhominur/public_html/wp-includes/class-wp-hook.php(327): WP_Hook->apply_filters('', Array)
#3 /home/nhominur/public_html/wp-includes/plugin.php(470): WP_Hook->do_action(Array)
#4 /home/nhominur/public_html/wp-content/themes/big-store/inc/header-function.php(765): do_action('open_cart_count')
#5 /home/nhominur/public_html/wp-includes/class-wp-hook.php(303): bigstore_mobile_navbar('')
#6 /home/nhominur/public_html/wp-includes/class-wp-hook.php(327): WP_Hook->apply_filters(NULL, Array)
#7 /home/nhominur/public_html/wp-includes/plugin.php(470): WP_Hook->do_action(Array)
#8 /home/nhominur/public_html/wp-include in /home/nhominur/public_html/wp-content/themes/big-store/inc/woocommerce/woo-function.php on line 29

2021-10-30T15:54:20+00:00 CRITICAL Uncaught Error: Call to a member function get_cart_contents_count() on null in /home/nhominur/public_html/wp-content/themes/big-store/inc/woocommerce/woo-function.php:29
Stack trace:
#0 /home/nhominur/public_html/wp-content/themes/big-store/inc/woocommerce/woo-function.php(39): big_store_cart_total_item()
#1 /home/nhominur/public_html/wp-includes/class-wp-hook.php(303): big_store_menu_cart_view('')
#2 /home/nhominur/public_html/wp-includes/class-wp-hook.php(327): WP_Hook->apply_filters('', Array)
#3 /home/nhominur/public_html/wp-includes/plugin.php(470): WP_Hook->do_action(Array)
#4 /home/nhominur/public_html/wp-content/themes/big-store/inc/header-function.php(765): do_action('open_cart_count')
#5 /home/nhominur/public_html/wp-includes/class-wp-hook.php(303): bigstore_mobile_navbar('')
#6 /home/nhominur/public_html/wp-includes/class-wp-hook.php(327): WP_Hook->apply_filters(NULL, Array)
#7 /home/nhominur/public_html/wp-includes/plugin.php(470): WP_Hook->do_action(Array)
#8 /home/nhominur/public_html/wp-include in /home/nhominur/public_html/wp-content/themes/big-store/inc/woocommerce/woo-function.php on line 29

2021-10-30T15:54:29+00:00 CRITICAL Uncaught Error: Call to a member function get_cart_contents_count() on null in /home/nhominur/public_html/wp-content/themes/big-store/inc/woocommerce/woo-function.php:29
Stack trace:
#0 /home/nhominur/public_html/wp-content/themes/big-store/inc/woocommerce/woo-function.php(39): big_store_cart_total_item()
#1 /home/nhominur/public_html/wp-includes/class-wp-hook.php(303): big_store_menu_cart_view('')
#2 /home/nhominur/public_html/wp-includes/class-wp-hook.php(327): WP_Hook->apply_filters('', Array)
#3 /home/nhominur/public_html/wp-includes/plugin.php(470): WP_Hook->do_action(Array)
#4 /home/nhominur/public_html/wp-content/themes/big-store/inc/header-function.php(765): do_action('open_cart_count')
#5 /home/nhominur/public_html/wp-includes/class-wp-hook.php(303): bigstore_mobile_navbar('')
#6 /home/nhominur/public_html/wp-includes/class-wp-hook.php(327): WP_Hook->apply_filters(NULL, Array)
#7 /home/nhominur/public_html/wp-includes/plugin.php(470): WP_Hook->do_action(Array)
#8 /home/nhominur/public_html/wp-include in /home/nhominur/public_html/wp-content/themes/big-store/inc/woocommerce/woo-function.php on line 29

2021-10-30T15:54:32+00:00 CRITICAL Uncaught Error: Call to a member function get_cart_contents_count() on null in /home/nhominur/public_html/wp-content/themes/big-store/inc/woocommerce/woo-function.php:29
Stack trace:
#0 /home/nhominur/public_html/wp-content/themes/big-store/inc/woocommerce/woo-function.php(39): big_store_cart_total_item()
#1 /home/nhominur/public_html/wp-includes/class-wp-hook.php(303): big_store_menu_cart_view('')
#2 /home/nhominur/public_html/wp-includes/class-wp-hook.php(327): WP_Hook->apply_filters('', Array)
#3 /home/nhominur/public_html/wp-includes/plugin.php(470): WP_Hook->do_action(Array)
#4 /home/nhominur/public_html/wp-content/themes/big-store/inc/header-function.php(765): do_action('open_cart_count')
#5 /home/nhominur/public_html/wp-includes/class-wp-hook.php(303): bigstore_mobile_navbar('')
#6 /home/nhominur/public_html/wp-includes/class-wp-hook.php(327): WP_Hook->apply_filters(NULL, Array)
#7 /home/nhominur/public_html/wp-includes/plugin.php(470): WP_Hook->do_action(Array)
#8 /home/nhominur/public_html/wp-include in /home/nhominur/public_html/wp-content/themes/big-store/inc/woocommerce/woo-function.php on line 29

2021-10-30T15:54:39+00:00 CRITICAL Uncaught Error: Call to a member function get_cart_contents_count() on null in /home/nhominur/public_html/wp-content/themes/big-store/inc/woocommerce/woo-function.php:29
Stack trace:
#0 /home/nhominur/public_html/wp-content/themes/big-store/inc/woocommerce/woo-function.php(39): big_store_cart_total_item()
#1 /home/nhominur/public_html/wp-includes/class-wp-hook.php(303): big_store_menu_cart_view('')
#2 /home/nhominur/public_html/wp-includes/class-wp-hook.php(327): WP_Hook->apply_filters('', Array)
#3 /home/nhominur/public_html/wp-includes/plugin.php(470): WP_Hook->do_action(Array)
#4 /home/nhominur/public_html/wp-content/themes/big-store/inc/header-function.php(765): do_action('open_cart_count')
#5 /home/nhominur/public_html/wp-includes/class-wp-hook.php(303): bigstore_mobile_navbar('')
#6 /home/nhominur/public_html/wp-includes/class-wp-hook.php(327): WP_Hook->apply_filters(NULL, Array)
#7 /home/nhominur/public_html/wp-includes/plugin.php(470): WP_Hook->do_action(Array)
#8 /home/nhominur/public_html/wp-include in /home/nhominur/public_html/wp-content/themes/big-store/inc/woocommerce/woo-function.php on line 29

2021-10-30T15:54:43+00:00 CRITICAL Uncaught Error: Call to a member function get_cart_contents_count() on null in /home/nhominur/public_html/wp-content/themes/big-store/inc/woocommerce/woo-function.php:29
Stack trace:
#0 /home/nhominur/public_html/wp-content/themes/big-store/inc/woocommerce/woo-function.php(39): big_store_cart_total_item()
#1 /home/nhominur/public_html/wp-includes/class-wp-hook.php(303): big_store_menu_cart_view('')
#2 /home/nhominur/public_html/wp-includes/class-wp-hook.php(327): WP_Hook->apply_filters('', Array)
#3 /home/nhominur/public_html/wp-includes/plugin.php(470): WP_Hook->do_action(Array)
#4 /home/nhominur/public_html/wp-content/themes/big-store/inc/header-function.php(765): do_action('open_cart_count')
#5 /home/nhominur/public_html/wp-includes/class-wp-hook.php(303): bigstore_mobile_navbar('')
#6 /home/nhominur/public_html/wp-includes/class-wp-hook.php(327): WP_Hook->apply_filters(NULL, Array)
#7 /home/nhominur/public_html/wp-includes/plugin.php(470): WP_Hook->do_action(Array)
#8 /home/nhominur/public_html/wp-include in /home/nhominur/public_html/wp-content/themes/big-store/inc/woocommerce/woo-function.php on line 29

2021-10-30T15:54:53+00:00 CRITICAL Uncaught Error: Call to a member function get_cart_contents_count() on null in /home/nhominur/public_html/wp-content/themes/big-store/inc/woocommerce/woo-function.php:29
Stack trace:
#0 /home/nhominur/public_html/wp-content/themes/big-store/inc/woocommerce/woo-function.php(39): big_store_cart_total_item()
#1 /home/nhominur/public_html/wp-includes/class-wp-hook.php(303): big_store_menu_cart_view('')
#2 /home/nhominur/public_html/wp-includes/class-wp-hook.php(327): WP_Hook->apply_filters('', Array)
#3 /home/nhominur/public_html/wp-includes/plugin.php(470): WP_Hook->do_action(Array)
#4 /home/nhominur/public_html/wp-content/themes/big-store/inc/header-function.php(765): do_action('open_cart_count')
#5 /home/nhominur/public_html/wp-includes/class-wp-hook.php(303): bigstore_mobile_navbar('')
#6 /home/nhominur/public_html/wp-includes/class-wp-hook.php(327): WP_Hook->apply_filters(NULL, Array)
#7 /home/nhominur/public_html/wp-includes/plugin.php(470): WP_Hook->do_action(Array)
#8 /home/nhominur/public_html/wp-include in /home/nhominur/public_html/wp-content/themes/big-store/inc/woocommerce/woo-function.php on line 29

2021-10-30T15:54:59+00:00 CRITICAL Uncaught Error: Call to a member function get_cart_contents_count() on null in /home/nhominur/public_html/wp-content/themes/big-store/inc/woocommerce/woo-function.php:29
Stack trace:
#0 /home/nhominur/public_html/wp-content/themes/big-store/inc/woocommerce/woo-function.php(39): big_store_cart_total_item()
#1 /home/nhominur/public_html/wp-includes/class-wp-hook.php(303): big_store_menu_cart_view('')
#2 /home/nhominur/public_html/wp-includes/class-wp-hook.php(327): WP_Hook->apply_filters('', Array)
#3 /home/nhominur/public_html/wp-includes/plugin.php(470): WP_Hook->do_action(Array)
#4 /home/nhominur/public_html/wp-content/themes/big-store/inc/header-function.php(765): do_action('open_cart_count')
#5 /home/nhominur/public_html/wp-includes/class-wp-hook.php(303): bigstore_mobile_navbar('')
#6 /home/nhominur/public_html/wp-includes/class-wp-hook.php(327): WP_Hook->apply_filters(NULL, Array)
#7 /home/nhominur/public_html/wp-includes/plugin.php(470): WP_Hook->do_action(Array)
#8 /home/nhominur/public_html/wp-include in /home/nhominur/public_html/wp-content/themes/big-store/inc/woocommerce/woo-function.php on line 29

2021-10-30T15:55:05+00:00 CRITICAL Uncaught Error: Call to a member function get_cart_contents_count() on null in /home/nhominur/public_html/wp-content/themes/big-store/inc/woocommerce/woo-function.php:29
Stack trace:
#0 /home/nhominur/public_html/wp-content/themes/big-store/inc/woocommerce/woo-function.php(39): big_store_cart_total_item()
#1 /home/nhominur/public_html/wp-includes/class-wp-hook.php(303): big_store_menu_cart_view('')
#2 /home/nhominur/public_html/wp-includes/class-wp-hook.php(327): WP_Hook->apply_filters('', Array)
#3 /home/nhominur/public_html/wp-includes/plugin.php(470): WP_Hook->do_action(Array)
#4 /home/nhominur/public_html/wp-content/themes/big-store/inc/header-function.php(765): do_action('open_cart_count')
#5 /home/nhominur/public_html/wp-includes/class-wp-hook.php(303): bigstore_mobile_navbar('')
#6 /home/nhominur/public_html/wp-includes/class-wp-hook.php(327): WP_Hook->apply_filters(NULL, Array)
#7 /home/nhominur/public_html/wp-includes/plugin.php(470): WP_Hook->do_action(Array)
#8 /home/nhominur/public_html/wp-include in /home/nhominur/public_html/wp-content/themes/big-store/inc/woocommerce/woo-function.php on line 29

2021-10-30T15:55:09+00:00 CRITICAL Uncaught Error: Call to a member function get_cart_contents_count() on null in /home/nhominur/public_html/wp-content/themes/big-store/inc/woocommerce/woo-function.php:29
Stack trace:
#0 /home/nhominur/public_html/wp-content/themes/big-store/inc/woocommerce/woo-function.php(39): big_store_cart_total_item()
#1 /home/nhominur/public_html/wp-includes/class-wp-hook.php(303): big_store_menu_cart_view('')
#2 /home/nhominur/public_html/wp-includes/class-wp-hook.php(327): WP_Hook->apply_filters('', Array)
#3 /home/nhominur/public_html/wp-includes/plugin.php(470): WP_Hook->do_action(Array)
#4 /home/nhominur/public_html/wp-content/themes/big-store/inc/header-function.php(765): do_action('open_cart_count')
#5 /home/nhominur/public_html/wp-includes/class-wp-hook.php(303): bigstore_mobile_navbar('')
#6 /home/nhominur/public_html/wp-includes/class-wp-hook.php(327): WP_Hook->apply_filters(NULL, Array)
#7 /home/nhominur/public_html/wp-includes/plugin.php(470): WP_Hook->do_action(Array)
#8 /home/nhominur/public_html/wp-include in /home/nhominur/public_html/wp-content/themes/big-store/inc/woocommerce/woo-function.php on line 29

2021-10-30T15:55:14+00:00 CRITICAL Uncaught Error: Call to a member function get_cart_contents_count() on null in /home/nhominur/public_html/wp-content/themes/big-store/inc/woocommerce/woo-function.php:29
Stack trace:
#0 /home/nhominur/public_html/wp-content/themes/big-store/inc/woocommerce/woo-function.php(39): big_store_cart_total_item()
#1 /home/nhominur/public_html/wp-includes/class-wp-hook.php(303): big_store_menu_cart_view('')
#2 /home/nhominur/public_html/wp-includes/class-wp-hook.php(327): WP_Hook->apply_filters('', Array)
#3 /home/nhominur/public_html/wp-includes/plugin.php(470): WP_Hook->do_action(Array)
#4 /home/nhominur/public_html/wp-content/themes/big-store/inc/header-function.php(765): do_action('open_cart_count')
#5 /home/nhominur/public_html/wp-includes/class-wp-hook.php(303): bigstore_mobile_navbar('')
#6 /home/nhominur/public_html/wp-includes/class-wp-hook.php(327): WP_Hook->apply_filters(NULL, Array)
#7 /home/nhominur/public_html/wp-includes/plugin.php(470): WP_Hook->do_action(Array)
#8 /home/nhominur/public_html/wp-include in /home/nhominur/public_html/wp-content/themes/big-store/inc/woocommerce/woo-function.php on line 29

2021-10-30T15:55:25+00:00 CRITICAL Uncaught Error: Call to a member function get_cart_contents_count() on null in /home/nhominur/public_html/wp-content/themes/big-store/inc/woocommerce/woo-function.php:29
Stack trace:
#0 /home/nhominur/public_html/wp-content/themes/big-store/inc/woocommerce/woo-function.php(39): big_store_cart_total_item()
#1 /home/nhominur/public_html/wp-includes/class-wp-hook.php(303): big_store_menu_cart_view('')
#2 /home/nhominur/public_html/wp-includes/class-wp-hook.php(327): WP_Hook->apply_filters('', Array)
#3 /home/nhominur/public_html/wp-includes/plugin.php(470): WP_Hook->do_action(Array)
#4 /home/nhominur/public_html/wp-content/themes/big-store/inc/header-function.php(765): do_action('open_cart_count')
#5 /home/nhominur/public_html/wp-includes/class-wp-hook.php(303): bigstore_mobile_navbar('')
#6 /home/nhominur/public_html/wp-includes/class-wp-hook.php(327): WP_Hook->apply_filters(NULL, Array)
#7 /home/nhominur/public_html/wp-includes/plugin.php(470): WP_Hook->do_action(Array)
#8 /home/nhominur/public_html/wp-include in /home/nhominur/public_html/wp-content/themes/big-store/inc/woocommerce/woo-function.php on line 29

2021-10-30T15:55:31+00:00 CRITICAL Uncaught Error: Call to a member function get_cart_contents_count() on null in /home/nhominur/public_html/wp-content/themes/big-store/inc/woocommerce/woo-function.php:29
Stack trace:
#0 /home/nhominur/public_html/wp-content/themes/big-store/inc/woocommerce/woo-function.php(39): big_store_cart_total_item()
#1 /home/nhominur/public_html/wp-includes/class-wp-hook.php(303): big_store_menu_cart_view('')
#2 /home/nhominur/public_html/wp-includes/class-wp-hook.php(327): WP_Hook->apply_filters('', Array)
#3 /home/nhominur/public_html/wp-includes/plugin.php(470): WP_Hook->do_action(Array)
#4 /home/nhominur/public_html/wp-content/themes/big-store/inc/header-function.php(765): do_action('open_cart_count')
#5 /home/nhominur/public_html/wp-includes/class-wp-hook.php(303): bigstore_mobile_navbar('')
#6 /home/nhominur/public_html/wp-includes/class-wp-hook.php(327): WP_Hook->apply_filters(NULL, Array)
#7 /home/nhominur/public_html/wp-includes/plugin.php(470): WP_Hook->do_action(Array)
#8 /home/nhominur/public_html/wp-include in /home/nhominur/public_html/wp-content/themes/big-store/inc/woocommerce/woo-function.php on line 29

2021-10-30T15:55:35+00:00 CRITICAL Uncaught Error: Call to a member function get_cart_contents_count() on null in /home/nhominur/public_html/wp-content/themes/big-store/inc/woocommerce/woo-function.php:29
Stack trace:
#0 /home/nhominur/public_html/wp-content/themes/big-store/inc/woocommerce/woo-function.php(39): big_store_cart_total_item()
#1 /home/nhominur/public_html/wp-includes/class-wp-hook.php(303): big_store_menu_cart_view('')
#2 /home/nhominur/public_html/wp-includes/class-wp-hook.php(327): WP_Hook->apply_filters('', Array)
#3 /home/nhominur/public_html/wp-includes/plugin.php(470): WP_Hook->do_action(Array)
#4 /home/nhominur/public_html/wp-content/themes/big-store/inc/header-function.php(765): do_action('open_cart_count')
#5 /home/nhominur/public_html/wp-includes/class-wp-hook.php(303): bigstore_mobile_navbar('')
#6 /home/nhominur/public_html/wp-includes/class-wp-hook.php(327): WP_Hook->apply_filters(NULL, Array)
#7 /home/nhominur/public_html/wp-includes/plugin.php(470): WP_Hook->do_action(Array)
#8 /home/nhominur/public_html/wp-include in /home/nhominur/public_html/wp-content/themes/big-store/inc/woocommerce/woo-function.php on line 29

2021-10-30T15:55:42+00:00 CRITICAL Uncaught Error: Call to a member function get_cart_contents_count() on null in /home/nhominur/public_html/wp-content/themes/big-store/inc/woocommerce/woo-function.php:29
Stack trace:
#0 /home/nhominur/public_html/wp-content/themes/big-store/inc/woocommerce/woo-function.php(39): big_store_cart_total_item()
#1 /home/nhominur/public_html/wp-includes/class-wp-hook.php(303): big_store_menu_cart_view('')
#2 /home/nhominur/public_html/wp-includes/class-wp-hook.php(327): WP_Hook->apply_filters('', Array)
#3 /home/nhominur/public_html/wp-includes/plugin.php(470): WP_Hook->do_action(Array)
#4 /home/nhominur/public_html/wp-content/themes/big-store/inc/header-function.php(765): do_action('open_cart_count')
#5 /home/nhominur/public_html/wp-includes/class-wp-hook.php(303): bigstore_mobile_navbar('')
#6 /home/nhominur/public_html/wp-includes/class-wp-hook.php(327): WP_Hook->apply_filters(NULL, Array)
#7 /home/nhominur/public_html/wp-includes/plugin.php(470): WP_Hook->do_action(Array)
#8 /home/nhominur/public_html/wp-include in /home/nhominur/public_html/wp-content/themes/big-store/inc/woocommerce/woo-function.php on line 29

2021-10-30T15:55:42+00:00 CRITICAL Uncaught Error: Call to a member function get_cart_contents_count() on null in /home/nhominur/public_html/wp-content/themes/big-store/inc/woocommerce/woo-function.php:29
Stack trace:
#0 /home/nhominur/public_html/wp-content/themes/big-store/inc/woocommerce/woo-function.php(39): big_store_cart_total_item()
#1 /home/nhominur/public_html/wp-includes/class-wp-hook.php(303): big_store_menu_cart_view('')
#2 /home/nhominur/public_html/wp-includes/class-wp-hook.php(327): WP_Hook->apply_filters('', Array)
#3 /home/nhominur/public_html/wp-includes/plugin.php(470): WP_Hook->do_action(Array)
#4 /home/nhominur/public_html/wp-content/themes/big-store/inc/header-function.php(765): do_action('open_cart_count')
#5 /home/nhominur/public_html/wp-includes/class-wp-hook.php(303): bigstore_mobile_navbar('')
#6 /home/nhominur/public_html/wp-includes/class-wp-hook.php(327): WP_Hook->apply_filters(NULL, Array)
#7 /home/nhominur/public_html/wp-includes/plugin.php(470): WP_Hook->do_action(Array)
#8 /home/nhominur/public_html/wp-include in /home/nhominur/public_html/wp-content/themes/big-store/inc/woocommerce/woo-function.php on line 29

2021-10-30T15:55:48+00:00 CRITICAL Uncaught Error: Call to a member function get_cart_contents_count() on null in /home/nhominur/public_html/wp-content/themes/big-store/inc/woocommerce/woo-function.php:29
Stack trace:
#0 /home/nhominur/public_html/wp-content/themes/big-store/inc/woocommerce/woo-function.php(39): big_store_cart_total_item()
#1 /home/nhominur/public_html/wp-includes/class-wp-hook.php(303): big_store_menu_cart_view('')
#2 /home/nhominur/public_html/wp-includes/class-wp-hook.php(327): WP_Hook->apply_filters('', Array)
#3 /home/nhominur/public_html/wp-includes/plugin.php(470): WP_Hook->do_action(Array)
#4 /home/nhominur/public_html/wp-content/themes/big-store/inc/header-function.php(765): do_action('open_cart_count')
#5 /home/nhominur/public_html/wp-includes/class-wp-hook.php(303): bigstore_mobile_navbar('')
#6 /home/nhominur/public_html/wp-includes/class-wp-hook.php(327): WP_Hook->apply_filters(NULL, Array)
#7 /home/nhominur/public_html/wp-includes/plugin.php(470): WP_Hook->do_action(Array)
#8 /home/nhominur/public_html/wp-include in /home/nhominur/public_html/wp-content/themes/big-store/inc/woocommerce/woo-function.php on line 29

2021-10-30T15:55:54+00:00 CRITICAL Uncaught Error: Call to a member function get_cart_contents_count() on null in /home/nhominur/public_html/wp-content/themes/big-store/inc/woocommerce/woo-function.php:29
Stack trace:
#0 /home/nhominur/public_html/wp-content/themes/big-store/inc/woocommerce/woo-function.php(39): big_store_cart_total_item()
#1 /home/nhominur/public_html/wp-includes/class-wp-hook.php(303): big_store_menu_cart_view('')
#2 /home/nhominur/public_html/wp-includes/class-wp-hook.php(327): WP_Hook->apply_filters('', Array)
#3 /home/nhominur/public_html/wp-includes/plugin.php(470): WP_Hook->do_action(Array)
#4 /home/nhominur/public_html/wp-content/themes/big-store/inc/header-function.php(765): do_action('open_cart_count')
#5 /home/nhominur/public_html/wp-includes/class-wp-hook.php(303): bigstore_mobile_navbar('')
#6 /home/nhominur/public_html/wp-includes/class-wp-hook.php(327): WP_Hook->apply_filters(NULL, Array)
#7 /home/nhominur/public_html/wp-includes/plugin.php(470): WP_Hook->do_action(Array)
#8 /home/nhominur/public_html/wp-include in /home/nhominur/public_html/wp-content/themes/big-store/inc/woocommerce/woo-function.php on line 29

2021-10-30T15:56:03+00:00 CRITICAL Uncaught Error: Call to a member function get_cart_contents_count() on null in /home/nhominur/public_html/wp-content/themes/big-store/inc/woocommerce/woo-function.php:29
Stack trace:
#0 /home/nhominur/public_html/wp-content/themes/big-store/inc/woocommerce/woo-function.php(39): big_store_cart_total_item()
#1 /home/nhominur/public_html/wp-includes/class-wp-hook.php(303): big_store_menu_cart_view('')
#2 /home/nhominur/public_html/wp-includes/class-wp-hook.php(327): WP_Hook->apply_filters('', Array)
#3 /home/nhominur/public_html/wp-includes/plugin.php(470): WP_Hook->do_action(Array)
#4 /home/nhominur/public_html/wp-content/themes/big-store/inc/header-function.php(765): do_action('open_cart_count')
#5 /home/nhominur/public_html/wp-includes/class-wp-hook.php(303): bigstore_mobile_navbar('')
#6 /home/nhominur/public_html/wp-includes/class-wp-hook.php(327): WP_Hook->apply_filters(NULL, Array)
#7 /home/nhominur/public_html/wp-includes/plugin.php(470): WP_Hook->do_action(Array)
#8 /home/nhominur/public_html/wp-include in /home/nhominur/public_html/wp-content/themes/big-store/inc/woocommerce/woo-function.php on line 29

2021-10-30T15:57:11+00:00 CRITICAL Uncaught Error: Call to a member function get_cart_contents_count() on null in /home/nhominur/public_html/wp-content/themes/big-store/inc/woocommerce/woo-function.php:29
Stack trace:
#0 /home/nhominur/public_html/wp-content/themes/big-store/inc/woocommerce/woo-function.php(39): big_store_cart_total_item()
#1 /home/nhominur/public_html/wp-includes/class-wp-hook.php(303): big_store_menu_cart_view('')
#2 /home/nhominur/public_html/wp-includes/class-wp-hook.php(327): WP_Hook->apply_filters('', Array)
#3 /home/nhominur/public_html/wp-includes/plugin.php(470): WP_Hook->do_action(Array)
#4 /home/nhominur/public_html/wp-content/themes/big-store/inc/header-function.php(765): do_action('open_cart_count')
#5 /home/nhominur/public_html/wp-includes/class-wp-hook.php(303): bigstore_mobile_navbar('')
#6 /home/nhominur/public_html/wp-includes/class-wp-hook.php(327): WP_Hook->apply_filters(NULL, Array)
#7 /home/nhominur/public_html/wp-includes/plugin.php(470): WP_Hook->do_action(Array)
#8 /home/nhominur/public_html/wp-include in /home/nhominur/public_html/wp-content/themes/big-store/inc/woocommerce/woo-function.php on line 29

2021-10-30T15:57:15+00:00 CRITICAL Uncaught Error: Call to a member function get_cart_contents_count() on null in /home/nhominur/public_html/wp-content/themes/big-store/inc/woocommerce/woo-function.php:29
Stack trace:
#0 /home/nhominur/public_html/wp-content/themes/big-store/inc/woocommerce/woo-function.php(39): big_store_cart_total_item()
#1 /home/nhominur/public_html/wp-includes/class-wp-hook.php(303): big_store_menu_cart_view('')
#2 /home/nhominur/public_html/wp-includes/class-wp-hook.php(327): WP_Hook->apply_filters('', Array)
#3 /home/nhominur/public_html/wp-includes/plugin.php(470): WP_Hook->do_action(Array)
#4 /home/nhominur/public_html/wp-content/themes/big-store/inc/header-function.php(765): do_action('open_cart_count')
#5 /home/nhominur/public_html/wp-includes/class-wp-hook.php(303): bigstore_mobile_navbar('')
#6 /home/nhominur/public_html/wp-includes/class-wp-hook.php(327): WP_Hook->apply_filters(NULL, Array)
#7 /home/nhominur/public_html/wp-includes/plugin.php(470): WP_Hook->do_action(Array)
#8 /home/nhominur/public_html/wp-include in /home/nhominur/public_html/wp-content/themes/big-store/inc/woocommerce/woo-function.php on line 29

2021-10-30T15:57:19+00:00 CRITICAL Uncaught Error: Call to a member function get_cart_contents_count() on null in /home/nhominur/public_html/wp-content/themes/big-store/inc/woocommerce/woo-function.php:29
Stack trace:
#0 /home/nhominur/public_html/wp-content/themes/big-store/inc/woocommerce/woo-function.php(39): big_store_cart_total_item()
#1 /home/nhominur/public_html/wp-includes/class-wp-hook.php(303): big_store_menu_cart_view('')
#2 /home/nhominur/public_html/wp-includes/class-wp-hook.php(327): WP_Hook->apply_filters('', Array)
#3 /home/nhominur/public_html/wp-includes/plugin.php(470): WP_Hook->do_action(Array)
#4 /home/nhominur/public_html/wp-content/themes/big-store/inc/header-function.php(765): do_action('open_cart_count')
#5 /home/nhominur/public_html/wp-includes/class-wp-hook.php(303): bigstore_mobile_navbar('')
#6 /home/nhominur/public_html/wp-includes/class-wp-hook.php(327): WP_Hook->apply_filters(NULL, Array)
#7 /home/nhominur/public_html/wp-includes/plugin.php(470): WP_Hook->do_action(Array)
#8 /home/nhominur/public_html/wp-include in /home/nhominur/public_html/wp-content/themes/big-store/inc/woocommerce/woo-function.php on line 29

2021-10-30T15:57:27+00:00 CRITICAL Uncaught Error: Call to a member function get_cart_contents_count() on null in /home/nhominur/public_html/wp-content/themes/big-store/inc/woocommerce/woo-function.php:29
Stack trace:
#0 /home/nhominur/public_html/wp-content/themes/big-store/inc/woocommerce/woo-function.php(39): big_store_cart_total_item()
#1 /home/nhominur/public_html/wp-includes/class-wp-hook.php(303): big_store_menu_cart_view('')
#2 /home/nhominur/public_html/wp-includes/class-wp-hook.php(327): WP_Hook->apply_filters('', Array)
#3 /home/nhominur/public_html/wp-includes/plugin.php(470): WP_Hook->do_action(Array)
#4 /home/nhominur/public_html/wp-content/themes/big-store/inc/header-function.php(765): do_action('open_cart_count')
#5 /home/nhominur/public_html/wp-includes/class-wp-hook.php(303): bigstore_mobile_navbar('')
#6 /home/nhominur/public_html/wp-includes/class-wp-hook.php(327): WP_Hook->apply_filters(NULL, Array)
#7 /home/nhominur/public_html/wp-includes/plugin.php(470): WP_Hook->do_action(Array)
#8 /home/nhominur/public_html/wp-include in /home/nhominur/public_html/wp-content/themes/big-store/inc/woocommerce/woo-function.php on line 29

2021-10-30T15:57:27+00:00 CRITICAL Uncaught Error: Call to a member function get_cart_contents_count() on null in /home/nhominur/public_html/wp-content/themes/big-store/inc/woocommerce/woo-function.php:29
Stack trace:
#0 /home/nhominur/public_html/wp-content/themes/big-store/inc/woocommerce/woo-function.php(39): big_store_cart_total_item()
#1 /home/nhominur/public_html/wp-includes/class-wp-hook.php(303): big_store_menu_cart_view('')
#2 /home/nhominur/public_html/wp-includes/class-wp-hook.php(327): WP_Hook->apply_filters('', Array)
#3 /home/nhominur/public_html/wp-includes/plugin.php(470): WP_Hook->do_action(Array)
#4 /home/nhominur/public_html/wp-content/themes/big-store/inc/header-function.php(765): do_action('open_cart_count')
#5 /home/nhominur/public_html/wp-includes/class-wp-hook.php(303): bigstore_mobile_navbar('')
#6 /home/nhominur/public_html/wp-includes/class-wp-hook.php(327): WP_Hook->apply_filters(NULL, Array)
#7 /home/nhominur/public_html/wp-includes/plugin.php(470): WP_Hook->do_action(Array)
#8 /home/nhominur/public_html/wp-include in /home/nhominur/public_html/wp-content/themes/big-store/inc/woocommerce/woo-function.php on line 29

2021-10-30T15:59:13+00:00 CRITICAL Uncaught Error: Call to a member function get_cart_contents_count() on null in /home/nhominur/public_html/wp-content/themes/big-store/inc/woocommerce/woo-function.php:29
Stack trace:
#0 /home/nhominur/public_html/wp-content/themes/big-store/inc/woocommerce/woo-function.php(39): big_store_cart_total_item()
#1 /home/nhominur/public_html/wp-includes/class-wp-hook.php(303): big_store_menu_cart_view('')
#2 /home/nhominur/public_html/wp-includes/class-wp-hook.php(327): WP_Hook->apply_filters('', Array)
#3 /home/nhominur/public_html/wp-includes/plugin.php(470): WP_Hook->do_action(Array)
#4 /home/nhominur/public_html/wp-content/themes/big-store/inc/header-function.php(765): do_action('open_cart_count')
#5 /home/nhominur/public_html/wp-includes/class-wp-hook.php(303): bigstore_mobile_navbar('')
#6 /home/nhominur/public_html/wp-includes/class-wp-hook.php(327): WP_Hook->apply_filters(NULL, Array)
#7 /home/nhominur/public_html/wp-includes/plugin.php(470): WP_Hook->do_action(Array)
#8 /home/nhominur/public_html/wp-include in /home/nhominur/public_html/wp-content/themes/big-store/inc/woocommerce/woo-function.php on line 29

2021-10-30T15:59:58+00:00 CRITICAL Uncaught Error: Call to a member function get_cart_contents_count() on null in /home/nhominur/public_html/wp-content/themes/big-store/inc/woocommerce/woo-function.php:29
Stack trace:
#0 /home/nhominur/public_html/wp-content/themes/big-store/inc/woocommerce/woo-function.php(39): big_store_cart_total_item()
#1 /home/nhominur/public_html/wp-includes/class-wp-hook.php(303): big_store_menu_cart_view('')
#2 /home/nhominur/public_html/wp-includes/class-wp-hook.php(327): WP_Hook->apply_filters('', Array)
#3 /home/nhominur/public_html/wp-includes/plugin.php(470): WP_Hook->do_action(Array)
#4 /home/nhominur/public_html/wp-content/themes/big-store/inc/header-function.php(765): do_action('open_cart_count')
#5 /home/nhominur/public_html/wp-includes/class-wp-hook.php(303): bigstore_mobile_navbar('')
#6 /home/nhominur/public_html/wp-includes/class-wp-hook.php(327): WP_Hook->apply_filters(NULL, Array)
#7 /home/nhominur/public_html/wp-includes/plugin.php(470): WP_Hook->do_action(Array)
#8 /home/nhominur/public_html/wp-include in /home/nhominur/public_html/wp-content/themes/big-store/inc/woocommerce/woo-function.php on line 29

2021-10-30T16:00:12+00:00 CRITICAL Uncaught Error: Call to a member function get_cart_contents_count() on null in /home/nhominur/public_html/wp-content/themes/big-store/inc/woocommerce/woo-function.php:29
Stack trace:
#0 /home/nhominur/public_html/wp-content/themes/big-store/inc/woocommerce/woo-function.php(39): big_store_cart_total_item()
#1 /home/nhominur/public_html/wp-includes/class-wp-hook.php(303): big_store_menu_cart_view('')
#2 /home/nhominur/public_html/wp-includes/class-wp-hook.php(327): WP_Hook->apply_filters('', Array)
#3 /home/nhominur/public_html/wp-includes/plugin.php(470): WP_Hook->do_action(Array)
#4 /home/nhominur/public_html/wp-content/themes/big-store/inc/header-function.php(765): do_action('open_cart_count')
#5 /home/nhominur/public_html/wp-includes/class-wp-hook.php(303): bigstore_mobile_navbar('')
#6 /home/nhominur/public_html/wp-includes/class-wp-hook.php(327): WP_Hook->apply_filters(NULL, Array)
#7 /home/nhominur/public_html/wp-includes/plugin.php(470): WP_Hook->do_action(Array)
#8 /home/nhominur/public_html/wp-include in /home/nhominur/public_html/wp-content/themes/big-store/inc/woocommerce/woo-function.php on line 29

2021-10-30T16:00:14+00:00 CRITICAL Uncaught Error: Call to a member function get_cart_contents_count() on null in /home/nhominur/public_html/wp-content/themes/big-store/inc/woocommerce/woo-function.php:29
Stack trace:
#0 /home/nhominur/public_html/wp-content/themes/big-store/inc/woocommerce/woo-function.php(39): big_store_cart_total_item()
#1 /home/nhominur/public_html/wp-includes/class-wp-hook.php(303): big_store_menu_cart_view('')
#2 /home/nhominur/public_html/wp-includes/class-wp-hook.php(327): WP_Hook->apply_filters('', Array)
#3 /home/nhominur/public_html/wp-includes/plugin.php(470): WP_Hook->do_action(Array)
#4 /home/nhominur/public_html/wp-content/themes/big-store/inc/header-function.php(765): do_action('open_cart_count')
#5 /home/nhominur/public_html/wp-includes/class-wp-hook.php(303): bigstore_mobile_navbar('')
#6 /home/nhominur/public_html/wp-includes/class-wp-hook.php(327): WP_Hook->apply_filters(NULL, Array)
#7 /home/nhominur/public_html/wp-includes/plugin.php(470): WP_Hook->do_action(Array)
#8 /home/nhominur/public_html/wp-include in /home/nhominur/public_html/wp-content/themes/big-store/inc/woocommerce/woo-function.php on line 29

2021-10-30T16:00:15+00:00 CRITICAL Uncaught Error: Call to a member function get_cart_contents_count() on null in /home/nhominur/public_html/wp-content/themes/big-store/inc/woocommerce/woo-function.php:29
Stack trace:
#0 /home/nhominur/public_html/wp-content/themes/big-store/inc/woocommerce/woo-function.php(39): big_store_cart_total_item()
#1 /home/nhominur/public_html/wp-includes/class-wp-hook.php(303): big_store_menu_cart_view('')
#2 /home/nhominur/public_html/wp-includes/class-wp-hook.php(327): WP_Hook->apply_filters('', Array)
#3 /home/nhominur/public_html/wp-includes/plugin.php(470): WP_Hook->do_action(Array)
#4 /home/nhominur/public_html/wp-content/themes/big-store/inc/header-function.php(765): do_action('open_cart_count')
#5 /home/nhominur/public_html/wp-includes/class-wp-hook.php(303): bigstore_mobile_navbar('')
#6 /home/nhominur/public_html/wp-includes/class-wp-hook.php(327): WP_Hook->apply_filters(NULL, Array)
#7 /home/nhominur/public_html/wp-includes/plugin.php(470): WP_Hook->do_action(Array)
#8 /home/nhominur/public_html/wp-include in /home/nhominur/public_html/wp-content/themes/big-store/inc/woocommerce/woo-function.php on line 29

2021-10-30T16:00:27+00:00 CRITICAL Uncaught Error: Call to a member function get_cart_contents_count() on null in /home/nhominur/public_html/wp-content/themes/big-store/inc/woocommerce/woo-function.php:29
Stack trace:
#0 /home/nhominur/public_html/wp-content/themes/big-store/inc/woocommerce/woo-function.php(39): big_store_cart_total_item()
#1 /home/nhominur/public_html/wp-includes/class-wp-hook.php(303): big_store_menu_cart_view('')
#2 /home/nhominur/public_html/wp-includes/class-wp-hook.php(327): WP_Hook->apply_filters('', Array)
#3 /home/nhominur/public_html/wp-includes/plugin.php(470): WP_Hook->do_action(Array)
#4 /home/nhominur/public_html/wp-content/themes/big-store/inc/header-function.php(765): do_action('open_cart_count')
#5 /home/nhominur/public_html/wp-includes/class-wp-hook.php(303): bigstore_mobile_navbar('')
#6 /home/nhominur/public_html/wp-includes/class-wp-hook.php(327): WP_Hook->apply_filters(NULL, Array)
#7 /home/nhominur/public_html/wp-includes/plugin.php(470): WP_Hook->do_action(Array)
#8 /home/nhominur/public_html/wp-include in /home/nhominur/public_html/wp-content/themes/big-store/inc/woocommerce/woo-function.php on line 29

2021-10-30T16:00:28+00:00 CRITICAL Uncaught Error: Call to a member function get_cart_contents_count() on null in /home/nhominur/public_html/wp-content/themes/big-store/inc/woocommerce/woo-function.php:29
Stack trace:
#0 /home/nhominur/public_html/wp-content/themes/big-store/inc/woocommerce/woo-function.php(39): big_store_cart_total_item()
#1 /home/nhominur/public_html/wp-includes/class-wp-hook.php(303): big_store_menu_cart_view('')
#2 /home/nhominur/public_html/wp-includes/class-wp-hook.php(327): WP_Hook->apply_filters('', Array)
#3 /home/nhominur/public_html/wp-includes/plugin.php(470): WP_Hook->do_action(Array)
#4 /home/nhominur/public_html/wp-content/themes/big-store/inc/header-function.php(765): do_action('open_cart_count')
#5 /home/nhominur/public_html/wp-includes/class-wp-hook.php(303): bigstore_mobile_navbar('')
#6 /home/nhominur/public_html/wp-includes/class-wp-hook.php(327): WP_Hook->apply_filters(NULL, Array)
#7 /home/nhominur/public_html/wp-includes/plugin.php(470): WP_Hook->do_action(Array)
#8 /home/nhominur/public_html/wp-include in /home/nhominur/public_html/wp-content/themes/big-store/inc/woocommerce/woo-function.php on line 29

2021-10-30T16:00:39+00:00 CRITICAL Uncaught Error: Call to a member function get_cart_contents_count() on null in /home/nhominur/public_html/wp-content/themes/big-store/inc/woocommerce/woo-function.php:29
Stack trace:
#0 /home/nhominur/public_html/wp-content/themes/big-store/inc/woocommerce/woo-function.php(39): big_store_cart_total_item()
#1 /home/nhominur/public_html/wp-includes/class-wp-hook.php(303): big_store_menu_cart_view('')
#2 /home/nhominur/public_html/wp-includes/class-wp-hook.php(327): WP_Hook->apply_filters('', Array)
#3 /home/nhominur/public_html/wp-includes/plugin.php(470): WP_Hook->do_action(Array)
#4 /home/nhominur/public_html/wp-content/themes/big-store/inc/header-function.php(765): do_action('open_cart_count')
#5 /home/nhominur/public_html/wp-includes/class-wp-hook.php(303): bigstore_mobile_navbar('')
#6 /home/nhominur/public_html/wp-includes/class-wp-hook.php(327): WP_Hook->apply_filters(NULL, Array)
#7 /home/nhominur/public_html/wp-includes/plugin.php(470): WP_Hook->do_action(Array)
#8 /home/nhominur/public_html/wp-include in /home/nhominur/public_html/wp-content/themes/big-store/inc/woocommerce/woo-function.php on line 29

2021-10-30T16:00:41+00:00 CRITICAL Uncaught Error: Call to a member function get_cart_contents_count() on null in /home/nhominur/public_html/wp-content/themes/big-store/inc/woocommerce/woo-function.php:29
Stack trace:
#0 /home/nhominur/public_html/wp-content/themes/big-store/inc/woocommerce/woo-function.php(39): big_store_cart_total_item()
#1 /home/nhominur/public_html/wp-includes/class-wp-hook.php(303): big_store_menu_cart_view('')
#2 /home/nhominur/public_html/wp-includes/class-wp-hook.php(327): WP_Hook->apply_filters('', Array)
#3 /home/nhominur/public_html/wp-includes/plugin.php(470): WP_Hook->do_action(Array)
#4 /home/nhominur/public_html/wp-content/themes/big-store/inc/header-function.php(765): do_action('open_cart_count')
#5 /home/nhominur/public_html/wp-includes/class-wp-hook.php(303): bigstore_mobile_navbar('')
#6 /home/nhominur/public_html/wp-includes/class-wp-hook.php(327): WP_Hook->apply_filters(NULL, Array)
#7 /home/nhominur/public_html/wp-includes/plugin.php(470): WP_Hook->do_action(Array)
#8 /home/nhominur/public_html/wp-include in /home/nhominur/public_html/wp-content/themes/big-store/inc/woocommerce/woo-function.php on line 29

2021-10-30T16:00:43+00:00 CRITICAL Uncaught Error: Call to a member function get_cart_contents_count() on null in /home/nhominur/public_html/wp-content/themes/big-store/inc/woocommerce/woo-function.php:29
Stack trace:
#0 /home/nhominur/public_html/wp-content/themes/big-store/inc/woocommerce/woo-function.php(39): big_store_cart_total_item()
#1 /home/nhominur/public_html/wp-includes/class-wp-hook.php(303): big_store_menu_cart_view('')
#2 /home/nhominur/public_html/wp-includes/class-wp-hook.php(327): WP_Hook->apply_filters('', Array)
#3 /home/nhominur/public_html/wp-includes/plugin.php(470): WP_Hook->do_action(Array)
#4 /home/nhominur/public_html/wp-content/themes/big-store/inc/header-function.php(765): do_action('open_cart_count')
#5 /home/nhominur/public_html/wp-includes/class-wp-hook.php(303): bigstore_mobile_navbar('')
#6 /home/nhominur/public_html/wp-includes/class-wp-hook.php(327): WP_Hook->apply_filters(NULL, Array)
#7 /home/nhominur/public_html/wp-includes/plugin.php(470): WP_Hook->do_action(Array)
#8 /home/nhominur/public_html/wp-include in /home/nhominur/public_html/wp-content/themes/big-store/inc/woocommerce/woo-function.php on line 29

2021-10-30T16:00:53+00:00 CRITICAL Uncaught Error: Call to a member function get_cart_contents_count() on null in /home/nhominur/public_html/wp-content/themes/big-store/inc/woocommerce/woo-function.php:29
Stack trace:
#0 /home/nhominur/public_html/wp-content/themes/big-store/inc/woocommerce/woo-function.php(39): big_store_cart_total_item()
#1 /home/nhominur/public_html/wp-includes/class-wp-hook.php(303): big_store_menu_cart_view('')
#2 /home/nhominur/public_html/wp-includes/class-wp-hook.php(327): WP_Hook->apply_filters('', Array)
#3 /home/nhominur/public_html/wp-includes/plugin.php(470): WP_Hook->do_action(Array)
#4 /home/nhominur/public_html/wp-content/themes/big-store/inc/header-function.php(765): do_action('open_cart_count')
#5 /home/nhominur/public_html/wp-includes/class-wp-hook.php(303): bigstore_mobile_navbar('')
#6 /home/nhominur/public_html/wp-includes/class-wp-hook.php(327): WP_Hook->apply_filters(NULL, Array)
#7 /home/nhominur/public_html/wp-includes/plugin.php(470): WP_Hook->do_action(Array)
#8 /home/nhominur/public_html/wp-include in /home/nhominur/public_html/wp-content/themes/big-store/inc/woocommerce/woo-function.php on line 29

2021-10-30T16:00:56+00:00 CRITICAL Uncaught Error: Call to a member function get_cart_contents_count() on null in /home/nhominur/public_html/wp-content/themes/big-store/inc/woocommerce/woo-function.php:29
Stack trace:
#0 /home/nhominur/public_html/wp-content/themes/big-store/inc/woocommerce/woo-function.php(39): big_store_cart_total_item()
#1 /home/nhominur/public_html/wp-includes/class-wp-hook.php(303): big_store_menu_cart_view('')
#2 /home/nhominur/public_html/wp-includes/class-wp-hook.php(327): WP_Hook->apply_filters('', Array)
#3 /home/nhominur/public_html/wp-includes/plugin.php(470): WP_Hook->do_action(Array)
#4 /home/nhominur/public_html/wp-content/themes/big-store/inc/header-function.php(765): do_action('open_cart_count')
#5 /home/nhominur/public_html/wp-includes/class-wp-hook.php(303): bigstore_mobile_navbar('')
#6 /home/nhominur/public_html/wp-includes/class-wp-hook.php(327): WP_Hook->apply_filters(NULL, Array)
#7 /home/nhominur/public_html/wp-includes/plugin.php(470): WP_Hook->do_action(Array)
#8 /home/nhominur/public_html/wp-include in /home/nhominur/public_html/wp-content/themes/big-store/inc/woocommerce/woo-function.php on line 29

2021-10-30T16:01:09+00:00 CRITICAL Uncaught Error: Call to a member function get_cart_contents_count() on null in /home/nhominur/public_html/wp-content/themes/big-store/inc/woocommerce/woo-function.php:29
Stack trace:
#0 /home/nhominur/public_html/wp-content/themes/big-store/inc/woocommerce/woo-function.php(39): big_store_cart_total_item()
#1 /home/nhominur/public_html/wp-includes/class-wp-hook.php(303): big_store_menu_cart_view('')
#2 /home/nhominur/public_html/wp-includes/class-wp-hook.php(327): WP_Hook->apply_filters('', Array)
#3 /home/nhominur/public_html/wp-includes/plugin.php(470): WP_Hook->do_action(Array)
#4 /home/nhominur/public_html/wp-content/themes/big-store/inc/header-function.php(765): do_action('open_cart_count')
#5 /home/nhominur/public_html/wp-includes/class-wp-hook.php(303): bigstore_mobile_navbar('')
#6 /home/nhominur/public_html/wp-includes/class-wp-hook.php(327): WP_Hook->apply_filters(NULL, Array)
#7 /home/nhominur/public_html/wp-includes/plugin.php(470): WP_Hook->do_action(Array)
#8 /home/nhominur/public_html/wp-include in /home/nhominur/public_html/wp-content/themes/big-store/inc/woocommerce/woo-function.php on line 29

2021-10-30T16:01:09+00:00 CRITICAL Uncaught Error: Call to a member function get_cart_contents_count() on null in /home/nhominur/public_html/wp-content/themes/big-store/inc/woocommerce/woo-function.php:29
Stack trace:
#0 /home/nhominur/public_html/wp-content/themes/big-store/inc/woocommerce/woo-function.php(39): big_store_cart_total_item()
#1 /home/nhominur/public_html/wp-includes/class-wp-hook.php(303): big_store_menu_cart_view('')
#2 /home/nhominur/public_html/wp-includes/class-wp-hook.php(327): WP_Hook->apply_filters('', Array)
#3 /home/nhominur/public_html/wp-includes/plugin.php(470): WP_Hook->do_action(Array)
#4 /home/nhominur/public_html/wp-content/themes/big-store/inc/header-function.php(765): do_action('open_cart_count')
#5 /home/nhominur/public_html/wp-includes/class-wp-hook.php(303): bigstore_mobile_navbar('')
#6 /home/nhominur/public_html/wp-includes/class-wp-hook.php(327): WP_Hook->apply_filters(NULL, Array)
#7 /home/nhominur/public_html/wp-includes/plugin.php(470): WP_Hook->do_action(Array)
#8 /home/nhominur/public_html/wp-include in /home/nhominur/public_html/wp-content/themes/big-store/inc/woocommerce/woo-function.php on line 29

2021-10-30T16:01:10+00:00 CRITICAL Uncaught Error: Call to a member function get_cart_contents_count() on null in /home/nhominur/public_html/wp-content/themes/big-store/inc/woocommerce/woo-function.php:29
Stack trace:
#0 /home/nhominur/public_html/wp-content/themes/big-store/inc/woocommerce/woo-function.php(39): big_store_cart_total_item()
#1 /home/nhominur/public_html/wp-includes/class-wp-hook.php(303): big_store_menu_cart_view('')
#2 /home/nhominur/public_html/wp-includes/class-wp-hook.php(327): WP_Hook->apply_filters('', Array)
#3 /home/nhominur/public_html/wp-includes/plugin.php(470): WP_Hook->do_action(Array)
#4 /home/nhominur/public_html/wp-content/themes/big-store/inc/header-function.php(765): do_action('open_cart_count')
#5 /home/nhominur/public_html/wp-includes/class-wp-hook.php(303): bigstore_mobile_navbar('')
#6 /home/nhominur/public_html/wp-includes/class-wp-hook.php(327): WP_Hook->apply_filters(NULL, Array)
#7 /home/nhominur/public_html/wp-includes/plugin.php(470): WP_Hook->do_action(Array)
#8 /home/nhominur/public_html/wp-include in /home/nhominur/public_html/wp-content/themes/big-store/inc/woocommerce/woo-function.php on line 29

2021-10-30T16:01:10+00:00 CRITICAL Uncaught Error: Call to a member function get_cart_contents_count() on null in /home/nhominur/public_html/wp-content/themes/big-store/inc/woocommerce/woo-function.php:29
Stack trace:
#0 /home/nhominur/public_html/wp-content/themes/big-store/inc/woocommerce/woo-function.php(39): big_store_cart_total_item()
#1 /home/nhominur/public_html/wp-includes/class-wp-hook.php(303): big_store_menu_cart_view('')
#2 /home/nhominur/public_html/wp-includes/class-wp-hook.php(327): WP_Hook->apply_filters('', Array)
#3 /home/nhominur/public_html/wp-includes/plugin.php(470): WP_Hook->do_action(Array)
#4 /home/nhominur/public_html/wp-content/themes/big-store/inc/header-function.php(765): do_action('open_cart_count')
#5 /home/nhominur/public_html/wp-includes/class-wp-hook.php(303): bigstore_mobile_navbar('')
#6 /home/nhominur/public_html/wp-includes/class-wp-hook.php(327): WP_Hook->apply_filters(NULL, Array)
#7 /home/nhominur/public_html/wp-includes/plugin.php(470): WP_Hook->do_action(Array)
#8 /home/nhominur/public_html/wp-include in /home/nhominur/public_html/wp-content/themes/big-store/inc/woocommerce/woo-function.php on line 29

2021-10-30T16:01:21+00:00 CRITICAL Uncaught Error: Call to a member function get_cart_contents_count() on null in /home/nhominur/public_html/wp-content/themes/big-store/inc/woocommerce/woo-function.php:29
Stack trace:
#0 /home/nhominur/public_html/wp-content/themes/big-store/inc/woocommerce/woo-function.php(39): big_store_cart_total_item()
#1 /home/nhominur/public_html/wp-includes/class-wp-hook.php(303): big_store_menu_cart_view('')
#2 /home/nhominur/public_html/wp-includes/class-wp-hook.php(327): WP_Hook->apply_filters('', Array)
#3 /home/nhominur/public_html/wp-includes/plugin.php(470): WP_Hook->do_action(Array)
#4 /home/nhominur/public_html/wp-content/themes/big-store/inc/header-function.php(765): do_action('open_cart_count')
#5 /home/nhominur/public_html/wp-includes/class-wp-hook.php(303): bigstore_mobile_navbar('')
#6 /home/nhominur/public_html/wp-includes/class-wp-hook.php(327): WP_Hook->apply_filters(NULL, Array)
#7 /home/nhominur/public_html/wp-includes/plugin.php(470): WP_Hook->do_action(Array)
#8 /home/nhominur/public_html/wp-include in /home/nhominur/public_html/wp-content/themes/big-store/inc/woocommerce/woo-function.php on line 29

2021-10-30T16:01:40+00:00 CRITICAL Uncaught Error: Call to a member function get_cart_contents_count() on null in /home/nhominur/public_html/wp-content/themes/big-store/inc/woocommerce/woo-function.php:29
Stack trace:
#0 /home/nhominur/public_html/wp-content/themes/big-store/inc/woocommerce/woo-function.php(39): big_store_cart_total_item()
#1 /home/nhominur/public_html/wp-includes/class-wp-hook.php(303): big_store_menu_cart_view('')
#2 /home/nhominur/public_html/wp-includes/class-wp-hook.php(327): WP_Hook->apply_filters('', Array)
#3 /home/nhominur/public_html/wp-includes/plugin.php(470): WP_Hook->do_action(Array)
#4 /home/nhominur/public_html/wp-content/themes/big-store/inc/header-function.php(765): do_action('open_cart_count')
#5 /home/nhominur/public_html/wp-includes/class-wp-hook.php(303): bigstore_mobile_navbar('')
#6 /home/nhominur/public_html/wp-includes/class-wp-hook.php(327): WP_Hook->apply_filters(NULL, Array)
#7 /home/nhominur/public_html/wp-includes/plugin.php(470): WP_Hook->do_action(Array)
#8 /home/nhominur/public_html/wp-include in /home/nhominur/public_html/wp-content/themes/big-store/inc/woocommerce/woo-function.php on line 29

2021-10-30T16:01:47+00:00 CRITICAL Uncaught Error: Call to a member function get_cart_contents_count() on null in /home/nhominur/public_html/wp-content/themes/big-store/inc/woocommerce/woo-function.php:29
Stack trace:
#0 /home/nhominur/public_html/wp-content/themes/big-store/inc/woocommerce/woo-function.php(39): big_store_cart_total_item()
#1 /home/nhominur/public_html/wp-includes/class-wp-hook.php(303): big_store_menu_cart_view('')
#2 /home/nhominur/public_html/wp-includes/class-wp-hook.php(327): WP_Hook->apply_filters('', Array)
#3 /home/nhominur/public_html/wp-includes/plugin.php(470): WP_Hook->do_action(Array)
#4 /home/nhominur/public_html/wp-content/themes/big-store/inc/header-function.php(765): do_action('open_cart_count')
#5 /home/nhominur/public_html/wp-includes/class-wp-hook.php(303): bigstore_mobile_navbar('')
#6 /home/nhominur/public_html/wp-includes/class-wp-hook.php(327): WP_Hook->apply_filters(NULL, Array)
#7 /home/nhominur/public_html/wp-includes/plugin.php(470): WP_Hook->do_action(Array)
#8 /home/nhominur/public_html/wp-include in /home/nhominur/public_html/wp-content/themes/big-store/inc/woocommerce/woo-function.php on line 29

2021-10-30T16:01:55+00:00 CRITICAL Uncaught Error: Call to a member function get_cart_contents_count() on null in /home/nhominur/public_html/wp-content/themes/big-store/inc/woocommerce/woo-function.php:29
Stack trace:
#0 /home/nhominur/public_html/wp-content/themes/big-store/inc/woocommerce/woo-function.php(39): big_store_cart_total_item()
#1 /home/nhominur/public_html/wp-includes/class-wp-hook.php(303): big_store_menu_cart_view('')
#2 /home/nhominur/public_html/wp-includes/class-wp-hook.php(327): WP_Hook->apply_filters('', Array)
#3 /home/nhominur/public_html/wp-includes/plugin.php(470): WP_Hook->do_action(Array)
#4 /home/nhominur/public_html/wp-content/themes/big-store/inc/header-function.php(765): do_action('open_cart_count')
#5 /home/nhominur/public_html/wp-includes/class-wp-hook.php(303): bigstore_mobile_navbar('')
#6 /home/nhominur/public_html/wp-includes/class-wp-hook.php(327): WP_Hook->apply_filters(NULL, Array)
#7 /home/nhominur/public_html/wp-includes/plugin.php(470): WP_Hook->do_action(Array)
#8 /home/nhominur/public_html/wp-include in /home/nhominur/public_html/wp-content/themes/big-store/inc/woocommerce/woo-function.php on line 29

2021-10-30T16:02:02+00:00 CRITICAL Uncaught Error: Call to a member function get_cart_contents_count() on null in /home/nhominur/public_html/wp-content/themes/big-store/inc/woocommerce/woo-function.php:29
Stack trace:
#0 /home/nhominur/public_html/wp-content/themes/big-store/inc/woocommerce/woo-function.php(39): big_store_cart_total_item()
#1 /home/nhominur/public_html/wp-includes/class-wp-hook.php(303): big_store_menu_cart_view('')
#2 /home/nhominur/public_html/wp-includes/class-wp-hook.php(327): WP_Hook->apply_filters('', Array)
#3 /home/nhominur/public_html/wp-includes/plugin.php(470): WP_Hook->do_action(Array)
#4 /home/nhominur/public_html/wp-content/themes/big-store/inc/header-function.php(765): do_action('open_cart_count')
#5 /home/nhominur/public_html/wp-includes/class-wp-hook.php(303): bigstore_mobile_navbar('')
#6 /home/nhominur/public_html/wp-includes/class-wp-hook.php(327): WP_Hook->apply_filters(NULL, Array)
#7 /home/nhominur/public_html/wp-includes/plugin.php(470): WP_Hook->do_action(Array)
#8 /home/nhominur/public_html/wp-include in /home/nhominur/public_html/wp-content/themes/big-store/inc/woocommerce/woo-function.php on line 29

2021-10-30T16:02:04+00:00 CRITICAL Uncaught Error: Call to a member function get_cart_contents_count() on null in /home/nhominur/public_html/wp-content/themes/big-store/inc/woocommerce/woo-function.php:29
Stack trace:
#0 /home/nhominur/public_html/wp-content/themes/big-store/inc/woocommerce/woo-function.php(39): big_store_cart_total_item()
#1 /home/nhominur/public_html/wp-includes/class-wp-hook.php(303): big_store_menu_cart_view('')
#2 /home/nhominur/public_html/wp-includes/class-wp-hook.php(327): WP_Hook->apply_filters('', Array)
#3 /home/nhominur/public_html/wp-includes/plugin.php(470): WP_Hook->do_action(Array)
#4 /home/nhominur/public_html/wp-content/themes/big-store/inc/header-function.php(765): do_action('open_cart_count')
#5 /home/nhominur/public_html/wp-includes/class-wp-hook.php(303): bigstore_mobile_navbar('')
#6 /home/nhominur/public_html/wp-includes/class-wp-hook.php(327): WP_Hook->apply_filters(NULL, Array)
#7 /home/nhominur/public_html/wp-includes/plugin.php(470): WP_Hook->do_action(Array)
#8 /home/nhominur/public_html/wp-include in /home/nhominur/public_html/wp-content/themes/big-store/inc/woocommerce/woo-function.php on line 29

2021-10-30T16:02:07+00:00 CRITICAL Uncaught Error: Call to a member function get_cart_contents_count() on null in /home/nhominur/public_html/wp-content/themes/big-store/inc/woocommerce/woo-function.php:29
Stack trace:
#0 /home/nhominur/public_html/wp-content/themes/big-store/inc/woocommerce/woo-function.php(39): big_store_cart_total_item()
#1 /home/nhominur/public_html/wp-includes/class-wp-hook.php(303): big_store_menu_cart_view('')
#2 /home/nhominur/public_html/wp-includes/class-wp-hook.php(327): WP_Hook->apply_filters('', Array)
#3 /home/nhominur/public_html/wp-includes/plugin.php(470): WP_Hook->do_action(Array)
#4 /home/nhominur/public_html/wp-content/themes/big-store/inc/header-function.php(765): do_action('open_cart_count')
#5 /home/nhominur/public_html/wp-includes/class-wp-hook.php(303): bigstore_mobile_navbar('')
#6 /home/nhominur/public_html/wp-includes/class-wp-hook.php(327): WP_Hook->apply_filters(NULL, Array)
#7 /home/nhominur/public_html/wp-includes/plugin.php(470): WP_Hook->do_action(Array)
#8 /home/nhominur/public_html/wp-include in /home/nhominur/public_html/wp-content/themes/big-store/inc/woocommerce/woo-function.php on line 29

2021-10-30T16:02:08+00:00 CRITICAL Uncaught Error: Call to a member function get_cart_contents_count() on null in /home/nhominur/public_html/wp-content/themes/big-store/inc/woocommerce/woo-function.php:29
Stack trace:
#0 /home/nhominur/public_html/wp-content/themes/big-store/inc/woocommerce/woo-function.php(39): big_store_cart_total_item()
#1 /home/nhominur/public_html/wp-includes/class-wp-hook.php(303): big_store_menu_cart_view('')
#2 /home/nhominur/public_html/wp-includes/class-wp-hook.php(327): WP_Hook->apply_filters('', Array)
#3 /home/nhominur/public_html/wp-includes/plugin.php(470): WP_Hook->do_action(Array)
#4 /home/nhominur/public_html/wp-content/themes/big-store/inc/header-function.php(765): do_action('open_cart_count')
#5 /home/nhominur/public_html/wp-includes/class-wp-hook.php(303): bigstore_mobile_navbar('')
#6 /home/nhominur/public_html/wp-includes/class-wp-hook.php(327): WP_Hook->apply_filters(NULL, Array)
#7 /home/nhominur/public_html/wp-includes/plugin.php(470): WP_Hook->do_action(Array)
#8 /home/nhominur/public_html/wp-include in /home/nhominur/public_html/wp-content/themes/big-store/inc/woocommerce/woo-function.php on line 29

