2021-11-02T15:44:35+00:00 DEBUG POST https://api.sandbox.paypal.com/v1/oauth2/token?grant_type=client_credentials
Response Debug ID: de6bd7a1615b7
Response: Array
(
    [code] => 200
    [message] => OK
)


2021-11-02T15:44:36+00:00 DEBUG POST https://api.sandbox.paypal.com/v1/identity/generate-token
Request Body: {"customer_id":"cffaaf-1"}
Response Debug ID: f2130e7c506fe
Response: Array
(
    [code] => 200
    [message] => OK
)


2021-11-02T15:48:37+00:00 DEBUG POST https://api.sandbox.paypal.com/v1/identity/generate-token
Request Body: {"customer_id":"cffaaf-1"}
Response Debug ID: da93253a814bb
Response: Array
(
    [code] => 200
    [message] => OK
)


